Change Component Designator: OldDesignator=P? NewDesignator=P1
Change Component Designator: OldDesignator=P? NewDesignator=P2
Change Component Designator: OldDesignator=P? NewDesignator=P3
Change Component Designator: OldDesignator=P? NewDesignator=P4
Change Component Designator: OldDesignator=P? NewDesignator=P5
Change Component Designator: OldDesignator=P? NewDesignator=P6
Change Component Designator: OldDesignator=P? NewDesignator=P7
Change Component Designator: OldDesignator=P? NewDesignator=P8
Change Component Designator: OldDesignator=P? NewDesignator=P9
Change Component Designator: OldDesignator=P? NewDesignator=P10
Change Component Designator: OldDesignator=P? NewDesignator=P11
Change Component Designator: OldDesignator=P? NewDesignator=P12
Change Component Designator: OldDesignator=P? NewDesignator=P13
Change Component Designator: OldDesignator=P? NewDesignator=P14
Change Component Designator: OldDesignator=Q? NewDesignator=Q1
Change Component Designator: OldDesignator=Q? NewDesignator=Q2
Change Component Designator: OldDesignator=Q? NewDesignator=Q3
Change Component Designator: OldDesignator=Q? NewDesignator=Q4
Change Component Designator: OldDesignator=Q? NewDesignator=Q5
Change Component Designator: OldDesignator=Q? NewDesignator=Q6
Change Component Designator: OldDesignator=Q? NewDesignator=Q7
Change Component Designator: OldDesignator=Q? NewDesignator=Q8
Change Component Designator: OldDesignator=Q? NewDesignator=Q9
Change Component Designator: OldDesignator=Q? NewDesignator=Q10
Change Component Designator: OldDesignator=Q? NewDesignator=Q11
Change Component Designator: OldDesignator=Q? NewDesignator=Q12
Change Component Designator: OldDesignator=R? NewDesignator=R1
Change Component Designator: OldDesignator=R? NewDesignator=R2
Change Component Designator: OldDesignator=R? NewDesignator=R3
Change Component Designator: OldDesignator=R? NewDesignator=R4
Change Component Designator: OldDesignator=R? NewDesignator=R5
Change Component Designator: OldDesignator=R? NewDesignator=R6
Change Component Designator: OldDesignator=R? NewDesignator=R7
Change Component Designator: OldDesignator=R? NewDesignator=R8
Change Component Designator: OldDesignator=R? NewDesignator=R9
Change Component Designator: OldDesignator=R? NewDesignator=R10
Change Component Designator: OldDesignator=R? NewDesignator=R11
Change Component Designator: OldDesignator=R? NewDesignator=R12
Change Component Designator: OldDesignator=R? NewDesignator=R13
Change Component Designator: OldDesignator=R? NewDesignator=R14
Change Component Designator: OldDesignator=R? NewDesignator=R15
Change Component Designator: OldDesignator=R? NewDesignator=R16
Change Component Designator: OldDesignator=R? NewDesignator=R17
Change Component Designator: OldDesignator=R? NewDesignator=R18
Change Component Designator: OldDesignator=R? NewDesignator=R19
Change Component Designator: OldDesignator=R? NewDesignator=R20
Change Component Designator: OldDesignator=R? NewDesignator=R21
Change Component Designator: OldDesignator=R? NewDesignator=R22
Change Component Designator: OldDesignator=R? NewDesignator=R23
Change Component Designator: OldDesignator=R? NewDesignator=R24
Change Component Designator: OldDesignator=U? NewDesignator=U1
Change Component Designator: OldDesignator=U? NewDesignator=U2
Change Component Designator: OldDesignator=U? NewDesignator=U3
Change Component Designator: OldDesignator=U? NewDesignator=U4
Change Component Designator: OldDesignator=U? NewDesignator=U5
Change Component Designator: OldDesignator=U? NewDesignator=U6
Change Component Designator: OldDesignator=U? NewDesignator=U7
Change Component Designator: OldDesignator=U? NewDesignator=U8
Change Component Designator: OldDesignator=U? NewDesignator=U9
Change Component Designator: OldDesignator=U? NewDesignator=U10
Change Component Designator: OldDesignator=U? NewDesignator=U11
Change Component Designator: OldDesignator=U? NewDesignator=U12
Change Net Name : Old Net Name=NetQ?_2 New Net Name=NetQ1_2
Change Net Name : Old Net Name=NetQ?_2 New Net Name=NetQ2_2
Change Net Name : Old Net Name=NetQ?_2 New Net Name=NetQ3_2
Change Net Name : Old Net Name=NetQ?_2 New Net Name=NetQ4_2
Change Net Name : Old Net Name=NetQ?_2 New Net Name=NetQ5_2
Change Net Name : Old Net Name=NetQ?_2 New Net Name=NetQ6_2
Change Net Name : Old Net Name=NetQ?_2 New Net Name=NetQ7_2
Change Net Name : Old Net Name=NetQ?_2 New Net Name=NetQ8_2
Change Net Name : Old Net Name=NetQ?_2 New Net Name=NetQ9_2
Change Net Name : Old Net Name=NetQ?_2 New Net Name=NetQ10_2
Change Net Name : Old Net Name=NetQ?_2 New Net Name=NetQ11_2
Change Net Name : Old Net Name=NetQ?_2 New Net Name=NetQ12_2
Added Member To Class: ClassName=Sheet1 Member=Component P1 282837-2
Added Member To Class: ClassName=Sheet1 Member=Component P3 282837-2
Added Member To Class: ClassName=Sheet1 Member=Component P4 282837-2
Added Member To Class: ClassName=Sheet1 Member=Component P5 282837-2
Added Member To Class: ClassName=Sheet1 Member=Component P6 282837-2
Added Member To Class: ClassName=Sheet1 Member=Component P7 282837-2
Added Member To Class: ClassName=Sheet1 Member=Component P8 282837-2
Added Member To Class: ClassName=Sheet1 Member=Component P9 282837-2
Added Member To Class: ClassName=Sheet1 Member=Component P10 282837-2
Added Member To Class: ClassName=Sheet1 Member=Component P11 282837-2
Added Member To Class: ClassName=Sheet1 Member=Component P12 282837-2
Added Member To Class: ClassName=Sheet1 Member=Component P13 282837-2
Added Member To Class: ClassName=Sheet1 Member=Component P14 282837-2
Added Member To Class: ClassName=Sheet1 Member=Component Q1 IRFZ44N
Added Member To Class: ClassName=Sheet1 Member=Component Q2 IRFZ44N
Added Member To Class: ClassName=Sheet1 Member=Component Q3 IRFZ44N
Added Member To Class: ClassName=Sheet1 Member=Component Q5 IRFZ44N
Added Member To Class: ClassName=Sheet1 Member=Component Q6 IRFZ44N
Added Member To Class: ClassName=Sheet1 Member=Component Q7 IRFZ44N
Added Member To Class: ClassName=Sheet1 Member=Component Q8 IRFZ44N
Added Member To Class: ClassName=Sheet1 Member=Component Q9 IRFZ44N
Added Member To Class: ClassName=Sheet1 Member=Component Q10 IRFZ44N
Added Member To Class: ClassName=Sheet1 Member=Component Q11 IRFZ44N
Added Member To Class: ClassName=Sheet1 Member=Component Q12 IRFZ44N
Added Member To Class: ClassName=Sheet1 Member=Component R1 Res3
Added Member To Class: ClassName=Sheet1 Member=Component R2 Res3
Added Member To Class: ClassName=Sheet1 Member=Component R3 Res3
Added Member To Class: ClassName=Sheet1 Member=Component R4 Res3
Added Member To Class: ClassName=Sheet1 Member=Component R5 Res3
Added Member To Class: ClassName=Sheet1 Member=Component R6 Res3
Added Member To Class: ClassName=Sheet1 Member=Component R7 Res3
Added Member To Class: ClassName=Sheet1 Member=Component R8 Res3
Added Member To Class: ClassName=Sheet1 Member=Component R9 Res3
Added Member To Class: ClassName=Sheet1 Member=Component R10 Res3
Added Member To Class: ClassName=Sheet1 Member=Component R11 Res3
Added Member To Class: ClassName=Sheet1 Member=Component R12 Res3
Added Member To Class: ClassName=Sheet1 Member=Component R13 Res3
Added Member To Class: ClassName=Sheet1 Member=Component R14 Res3
Added Member To Class: ClassName=Sheet1 Member=Component R15 Res3
Added Member To Class: ClassName=Sheet1 Member=Component R16 Res3
Added Member To Class: ClassName=Sheet1 Member=Component R17 Res3
Added Member To Class: ClassName=Sheet1 Member=Component R19 Res3
Added Member To Class: ClassName=Sheet1 Member=Component R20 Res3
Added Member To Class: ClassName=Sheet1 Member=Component R21 Res3
Added Member To Class: ClassName=Sheet1 Member=Component R22 Res3
Added Member To Class: ClassName=Sheet1 Member=Component R23 Res3
Added Member To Class: ClassName=Sheet1 Member=Component R24 Res3
Added Member To Class: ClassName=Sheet1 Member=Component U1 PC817X3NSZ9F
Added Member To Class: ClassName=Sheet1 Member=Component U2 PC817X3NSZ9F
Added Member To Class: ClassName=Sheet1 Member=Component U3 PC817X3NSZ9F
Added Member To Class: ClassName=Sheet1 Member=Component U4 PC817X3NSZ9F
Added Member To Class: ClassName=Sheet1 Member=Component U6 PC817X3NSZ9F
Added Member To Class: ClassName=Sheet1 Member=Component U7 PC817X3NSZ9F
Added Member To Class: ClassName=Sheet1 Member=Component U8 PC817X3NSZ9F
Added Member To Class: ClassName=Sheet1 Member=Component U9 PC817X3NSZ9F
Added Member To Class: ClassName=Sheet1 Member=Component U10 PC817X3NSZ9F
Added Member To Class: ClassName=Sheet1 Member=Component U11 PC817X3NSZ9F
Added Member To Class: ClassName=Sheet1 Member=Component U12 PC817X3NSZ9F
Added Room: Name=Sheet1
